#
# A fatal error has been detected by the Java Runtime Environment:
#
#  EXCEPTION_ACCESS_VIOLATION (0xc0000005) at pc=0x00007ff8f59c7710, pid=43864, tid=0x000000000000c768
#
# JRE version: Java(TM) SE Runtime Environment (8.0_92-b14) (build 1.8.0_92-b14)
# Java VM: Java HotSpot(TM) 64-Bit Server VM (25.92-b14 mixed mode windows-amd64 compressed oops)
# Problematic frame:
# C  [gdal203.dll+0x527710]
#
# Failed to write core dump. Minidumps are not enabled by default on client versions of Windows
#
# If you would like to submit a bug report, please visit:
#   http://bugreport.java.com/bugreport/crash.jsp
#

---------------  T H R E A D  ---------------

Current thread (0x0000000018388000):  VMThread [stack: 0x0000000019a30000,0x0000000019b30000] [id=51048]

siginfo: ExceptionCode=0xc0000005, reading address 0x0000000000000018

Registers:
RAX=0x0000000000000000, RBX=0x000000000114ee80, RCX=0x0000000000000000, RDX=0x0000000000000000
RSP=0x0000000019b2eeb8, RBP=0x0000000000000001, RSI=0x0000000001126260, RDI=0x0000000000000008
R8 =0x00007ff8f613d280, R9 =0x000000000000009b, R10=0x00007ff8f619d907, R11=0x00007ff8f612f3a3
R12=0x00007ff8f60c1020, R13=0x0000000003352648, R14=0x00007ff8f54a0000, R15=0x0000000000000000
RIP=0x00007ff8f59c7710, EFLAGS=0x0000000000010246

Top of Stack: (sp=0x0000000019b2eeb8)
0x0000000019b2eeb8:   00007ff8f57152ad 000000000114ee80
0x0000000019b2eec8:   0000000001126260 000000000114ee80
0x0000000019b2eed8:   0000000000000000 000000000114ee80
0x0000000019b2eee8:   00007ff8f571d808 000000000117cc10
0x0000000019b2eef8:   00007ff8f6128ea0 00000000000006ab
0x0000000019b2ef08:   000000000114ee80 0000000000000000
0x0000000019b2ef18:   00007ff8f571997b 000000000114ee80
0x0000000019b2ef28:   0000000001126260 00007ff8f54a0000
0x0000000019b2ef38:   000000000114ee80 fffffffffffffffe
0x0000000019b2ef48:   0000000000000200 0000000000000001
0x0000000019b2ef58:   00007ff8f54a0000 00007ff8f60c1020
0x0000000019b2ef68:   00007ff8f571d89e 0000000000000000
0x0000000019b2ef78:   0000000000000000 0000000001126260
0x0000000019b2ef88:   000000000114ee80 0000000000000001
0x0000000019b2ef98:   00007ff8f5557aa2 000000001c471498
0x0000000019b2efa8:   0000000000000000 0000000000000000 

Instructions: (pc=0x00007ff8f59c7710)
0x00007ff8f59c76f0:   40 48 8b 7c 24 48 48 83 c4 50 5e 5b 5d c3 cc cc
0x00007ff8f59c7700:   cc cc cc cc cc cc cc cc cc cc cc cc cc cc cc cc
0x00007ff8f59c7710:   48 8b 41 18 c3 cc cc cc cc cc cc cc cc cc cc cc
0x00007ff8f59c7720:   48 89 5c 24 18 55 48 83 ec 20 33 d2 48 89 7c 24 


Register to memory mapping:

RAX=0x0000000000000000 is an unknown value
RBX=0x000000000114ee80 is an unknown value
RCX=0x0000000000000000 is an unknown value
RDX=0x0000000000000000 is an unknown value
RSP=0x0000000019b2eeb8 is an unknown value
RBP=0x0000000000000001 is an unknown value
RSI=0x0000000001126260 is an unknown value
RDI=0x0000000000000008 is an unknown value
R8 =0x00007ff8f613d280 is an unknown value
R9 =0x000000000000009b is an unknown value
R10=0x00007ff8f619d907 is an unknown value
R11=0x00007ff8f612f3a3 is an unknown value
R12=0x00007ff8f60c1020 is an unknown value
R13=0x0000000003352648 is an unknown value
R14=0x00007ff8f54a0000 is an unknown value
R15=0x0000000000000000 is an unknown value


Stack: [0x0000000019a30000,0x0000000019b30000],  sp=0x0000000019b2eeb8,  free space=1019k
Native frames: (J=compiled Java code, j=interpreted, Vv=VM code, C=native code)
C  [gdal203.dll+0x527710]

VM_Operation (0x000000001c76f480): Exit, mode: safepoint, requested by thread 0x0000000019da1000


---------------  P R O C E S S  ---------------

Java Threads: ( => current thread )
  0x0000000019da1000 JavaThread "SIGINT handler" daemon [_thread_blocked, id=50636, stack(0x000000001c670000,0x000000001c770000)]
  0x000000001a973800 JavaThread "Service Thread" daemon [_thread_blocked, id=16396, stack(0x000000001b130000,0x000000001b230000)]
  0x000000001a972800 JavaThread "C1 CompilerThread2" daemon [_thread_blocked, id=33856, stack(0x000000001b030000,0x000000001b130000)]
  0x000000001a95d800 JavaThread "C2 CompilerThread1" daemon [_thread_blocked, id=31684, stack(0x000000001af30000,0x000000001b030000)]
  0x000000001a95c800 JavaThread "C2 CompilerThread0" daemon [_thread_blocked, id=42256, stack(0x000000001ae30000,0x000000001af30000)]
  0x0000000019d98800 JavaThread "JDWP Event Helper Thread" daemon [_thread_blocked, id=47620, stack(0x000000001a430000,0x000000001a530000)]
  0x00000000183da000 JavaThread "Attach Listener" daemon [_thread_blocked, id=46432, stack(0x000000001a230000,0x000000001a330000)]
  0x0000000019d42800 JavaThread "Signal Dispatcher" daemon [_thread_blocked, id=40336, stack(0x000000001a130000,0x000000001a230000)]
  0x00000000183b3800 JavaThread "Finalizer" daemon [_thread_in_native, id=36800, stack(0x0000000019c30000,0x0000000019d30000)]
  0x000000000355e000 JavaThread "Reference Handler" daemon [_thread_blocked, id=40088, stack(0x0000000019b30000,0x0000000019c30000)]
  0x000000000346b000 JavaThread "main" [_thread_blocked, id=49228, stack(0x0000000003360000,0x0000000003460000)]

Other Threads:
=>0x0000000018388000 VMThread [stack: 0x0000000019a30000,0x0000000019b30000] [id=51048]

VM state:at safepoint (shutting down)

VM Mutex/Monitor currently owned by a thread:  ([mutex/lock_event])
[0x0000000003461850] Threads_lock - owner thread: 0x0000000018388000

Heap:
 PSYoungGen      total 38400K, used 18168K [0x00000000d5f80000, 0x00000000d8a00000, 0x0000000100000000)
  eden space 33280K, 40% used [0x00000000d5f80000,0x00000000d6cc0c00,0x00000000d8000000)
  from space 5120K, 89% used [0x00000000d8000000,0x00000000d847d710,0x00000000d8500000)
  to   space 5120K, 0% used [0x00000000d8500000,0x00000000d8500000,0x00000000d8a00000)
 ParOldGen       total 87552K, used 46273K [0x0000000081e00000, 0x0000000087380000, 0x00000000d5f80000)
  object space 87552K, 52% used [0x0000000081e00000,0x0000000084b30550,0x0000000087380000)
 Metaspace       used 8343K, capacity 8470K, committed 8704K, reserved 1056768K
  class space    used 926K, capacity 949K, committed 1024K, reserved 1048576K

Card table byte_map: [0x0000000012a20000,0x0000000012e20000] byte_map_base: 0x0000000012611000

Marking Bits: (ParMarkBitMap*) 0x000000005c8c64f0
 Begin Bits: [0x00000000136d0000, 0x0000000015658000)
 End Bits:   [0x0000000015658000, 0x00000000175e0000)

Polling page: 0x00000000010f0000

CodeCache: size=245760Kb used=2379Kb max_used=2379Kb free=243380Kb
 bounds [0x0000000003660000, 0x00000000038d0000, 0x0000000012660000]
 total_blobs=870 nmethods=392 adapters=399
 compilation: enabled

Compilation events (10 events):
Event: 62.006 Thread 0x000000001a972800  386       3       java.lang.ref.ReferenceQueue::remove (6 bytes)
Event: 62.006 Thread 0x000000001a972800 nmethod 386 0x00000000038b23d0 code [0x00000000038b2540, 0x00000000038b2768]
Event: 62.006 Thread 0x000000001a972800  387   !   3       java.lang.ref.ReferenceQueue::remove (125 bytes)
Event: 62.007 Thread 0x000000001a972800 nmethod 387 0x00000000038b2810 code [0x00000000038b2a00, 0x00000000038b3358]
Event: 62.007 Thread 0x000000001a972800  388       3       java.lang.ref.Finalizer::access$100 (6 bytes)
Event: 62.007 Thread 0x000000001a972800 nmethod 388 0x00000000038b37d0 code [0x00000000038b3940, 0x00000000038b3ac8]
Event: 62.007 Thread 0x000000001a972800  390       3       java.lang.ref.Finalizer::hasBeenFinalized (14 bytes)
Event: 62.007 Thread 0x000000001a972800 nmethod 390 0x00000000038b3b90 code [0x00000000038b3ce0, 0x00000000038b3e90]
Event: 62.007 Thread 0x000000001a972800  391   !   3       java.lang.ref.Finalizer::remove (94 bytes)
Event: 62.007 Thread 0x000000001a972800 nmethod 391 0x00000000038b3f10 code [0x00000000038b40a0, 0x00000000038b4590]

GC Heap History (2 events):
Event: 61.994 GC heap before
{Heap before GC invocations=1 (full 0):
 PSYoungGen      total 38400K, used 33159K [0x00000000d5f80000, 0x00000000d8a00000, 0x0000000100000000)
  eden space 33280K, 99% used [0x00000000d5f80000,0x00000000d7fe1f48,0x00000000d8000000)
  from space 5120K, 0% used [0x00000000d8500000,0x00000000d8500000,0x00000000d8a00000)
  to   space 5120K, 0% used [0x00000000d8000000,0x00000000d8000000,0x00000000d8500000)
 ParOldGen       total 87552K, used 46265K [0x0000000081e00000, 0x0000000087380000, 0x00000000d5f80000)
  object space 87552K, 52% used [0x0000000081e00000,0x0000000084b2e550,0x0000000087380000)
 Metaspace       used 8328K, capacity 8470K, committed 8704K, reserved 1056768K
  class space    used 925K, capacity 949K, committed 1024K, reserved 1048576K
Event: 61.998 GC heap after
Heap after GC invocations=1 (full 0):
 PSYoungGen      total 38400K, used 4597K [0x00000000d5f80000, 0x00000000d8a00000, 0x0000000100000000)
  eden space 33280K, 0% used [0x00000000d5f80000,0x00000000d5f80000,0x00000000d8000000)
  from space 5120K, 89% used [0x00000000d8000000,0x00000000d847d710,0x00000000d8500000)
  to   space 5120K, 0% used [0x00000000d8500000,0x00000000d8500000,0x00000000d8a00000)
 ParOldGen       total 87552K, used 46273K [0x0000000081e00000, 0x0000000087380000, 0x00000000d5f80000)
  object space 87552K, 52% used [0x0000000081e00000,0x0000000084b30550,0x0000000087380000)
 Metaspace       used 8328K, capacity 8470K, committed 8704K, reserved 1056768K
  class space    used 925K, capacity 949K, committed 1024K, reserved 1048576K
}

Deoptimization events (2 events):
Event: 27.199 Thread 0x000000000346b000 Uncommon trap: reason=unstable_if action=reinterpret pc=0x0000000003814c18 method=java.lang.String.indexOf([CII[CIII)I @ 134
Event: 27.199 Thread 0x000000000346b000 Uncommon trap: reason=unstable_if action=reinterpret pc=0x00000000037a4f38 method=java.lang.String.indexOf([CII[CIII)I @ 134

Internal exceptions (10 events):
Event: 1.771 Thread 0x000000000346b000 Exception <a 'java/lang/ClassNotFoundException': org/apache/log4j/LayoutCustomizer> (0x00000000d7106348) thrown at [D:\re\workspace\8-2-build-windows-amd64-cygwin\jdk8u92\6642\hotspot\src\share\vm\classfile\systemDictionary.cpp, line 210]
Event: 1.779 Thread 0x000000000346b000 Exception <a 'java/lang/ClassNotFoundException': org/apache/log4j/PatternLayoutCustomizer> (0x00000000d7139d70) thrown at [D:\re\workspace\8-2-build-windows-amd64-cygwin\jdk8u92\6642\hotspot\src\share\vm\classfile\systemDictionary.cpp, line 210]
Event: 1.811 Thread 0x000000000346b000 Exception <a 'java/lang/ClassNotFoundException': org/apache/log4j/RollingFileAppenderBeanInfo> (0x00000000d723fb68) thrown at [D:\re\workspace\8-2-build-windows-amd64-cygwin\jdk8u92\6642\hotspot\src\share\vm\classfile\systemDictionary.cpp, line 210]
Event: 1.815 Thread 0x000000000346b000 Exception <a 'java/lang/ClassNotFoundException': org/apache/log4j/FileAppenderBeanInfo> (0x00000000d725c250) thrown at [D:\re\workspace\8-2-build-windows-amd64-cygwin\jdk8u92\6642\hotspot\src\share\vm\classfile\systemDictionary.cpp, line 210]
Event: 1.819 Thread 0x000000000346b000 Exception <a 'java/lang/ClassNotFoundException': org/apache/log4j/WriterAppenderBeanInfo> (0x00000000d7279368) thrown at [D:\re\workspace\8-2-build-windows-amd64-cygwin\jdk8u92\6642\hotspot\src\share\vm\classfile\systemDictionary.cpp, line 210]
Event: 1.822 Thread 0x000000000346b000 Exception <a 'java/lang/ClassNotFoundException': org/apache/log4j/AppenderSkeletonBeanInfo> (0x00000000d7296eb0) thrown at [D:\re\workspace\8-2-build-windows-amd64-cygwin\jdk8u92\6642\hotspot\src\share\vm\classfile\systemDictionary.cpp, line 210]
Event: 1.826 Thread 0x000000000346b000 Exception <a 'java/lang/ClassNotFoundException': org/apache/log4j/AppenderSkeletonCustomizer> (0x00000000d72b6640) thrown at [D:\re\workspace\8-2-build-windows-amd64-cygwin\jdk8u92\6642\hotspot\src\share\vm\classfile\systemDictionary.cpp, line 210]
Event: 1.835 Thread 0x000000000346b000 Exception <a 'java/lang/ClassNotFoundException': org/apache/log4j/WriterAppenderCustomizer> (0x00000000d72e97c0) thrown at [D:\re\workspace\8-2-build-windows-amd64-cygwin\jdk8u92\6642\hotspot\src\share\vm\classfile\systemDictionary.cpp, line 210]
Event: 1.843 Thread 0x000000000346b000 Exception <a 'java/lang/ClassNotFoundException': org/apache/log4j/FileAppenderCustomizer> (0x00000000d7314758) thrown at [D:\re\workspace\8-2-build-windows-amd64-cygwin\jdk8u92\6642\hotspot\src\share\vm\classfile\systemDictionary.cpp, line 210]
Event: 1.850 Thread 0x000000000346b000 Exception <a 'java/lang/ClassNotFoundException': org/apache/log4j/RollingFileAppenderCustomizer> (0x00000000d73413c8) thrown at [D:\re\workspace\8-2-build-windows-amd64-cygwin\jdk8u92\6642\hotspot\src\share\vm\classfile\systemDictionary.cpp, line 210]

Events (10 events):
Event: 61.994 Executing VM operation: ParallelGCFailedAllocation
Event: 61.998 Executing VM operation: ParallelGCFailedAllocation done
Event: 62.007 loading class sun/misc/Signal$1
Event: 62.007 loading class sun/misc/Signal$1 done
Event: 62.007 Thread 0x0000000019da1000 Thread added: 0x0000000019da1000
Event: 62.008 loading class java/lang/Shutdown
Event: 62.008 loading class java/lang/Shutdown done
Event: 62.008 loading class java/lang/Shutdown$Lock
Event: 62.008 loading class java/lang/Shutdown$Lock done
Event: 62.008 Executing VM operation: Exit


Dynamic libraries:
0x00007ff74d550000 - 0x00007ff74d587000 	C:\Program Files\Java\jdk1.8.0_92\bin\java.exe
0x00007ff95c260000 - 0x00007ff95c441000 	C:\Windows\SYSTEM32\ntdll.dll
0x00007ff95c170000 - 0x00007ff95c221000 	C:\Windows\System32\KERNEL32.DLL
0x00007ff958cb0000 - 0x00007ff958f23000 	C:\Windows\System32\KERNELBASE.dll
0x00007ff95af60000 - 0x00007ff95b001000 	C:\Windows\System32\ADVAPI32.dll
0x00007ff95aec0000 - 0x00007ff95af5e000 	C:\Windows\System32\msvcrt.dll
0x00007ff95ac20000 - 0x00007ff95ac7b000 	C:\Windows\System32\sechost.dll
0x00007ff95b590000 - 0x00007ff95b6b4000 	C:\Windows\System32\RPCRT4.dll
0x00007ff95b0d0000 - 0x00007ff95b260000 	C:\Windows\System32\USER32.dll
0x00007ff958f30000 - 0x00007ff958f50000 	C:\Windows\System32\win32u.dll
0x00007ff95b3a0000 - 0x00007ff95b3c8000 	C:\Windows\System32\GDI32.dll
0x00007ff958970000 - 0x00007ff958b01000 	C:\Windows\System32\gdi32full.dll
0x00007ff958c10000 - 0x00007ff958caf000 	C:\Windows\System32\msvcp_win.dll
0x00007ff958b10000 - 0x00007ff958c08000 	C:\Windows\System32\ucrtbase.dll
0x00007ff944cb0000 - 0x00007ff944f19000 	C:\Windows\WinSxS\amd64_microsoft.windows.common-controls_6595b64144ccf1df_6.0.17134.1246_none_d3ffb9d77c90723d\COMCTL32.dll
0x00007ff95be40000 - 0x00007ff95c161000 	C:\Windows\System32\combase.dll
0x00007ff958f50000 - 0x00007ff958fc9000 	C:\Windows\System32\bcryptPrimitives.dll
0x00007ff95be10000 - 0x00007ff95be3d000 	C:\Windows\System32\IMM32.DLL
0x000000005f810000 - 0x000000005f8e2000 	C:\Program Files\Java\jdk1.8.0_92\jre\bin\msvcr100.dll
0x000000005c0b0000 - 0x000000005c946000 	C:\Program Files\Java\jdk1.8.0_92\jre\bin\server\jvm.dll
0x00007ff95b570000 - 0x00007ff95b578000 	C:\Windows\System32\PSAPI.DLL
0x00007ff954790000 - 0x00007ff9547b3000 	C:\Windows\SYSTEM32\WINMM.dll
0x00007ff9427a0000 - 0x00007ff9427a9000 	C:\Windows\SYSTEM32\WSOCK32.dll
0x00007ff95b260000 - 0x00007ff95b2cc000 	C:\Windows\System32\WS2_32.dll
0x00007ff954760000 - 0x00007ff95478a000 	C:\Windows\SYSTEM32\WINMMBASE.dll
0x00007ff958620000 - 0x00007ff958669000 	C:\Windows\System32\cfgmgr32.dll
0x00007ff952bf0000 - 0x00007ff952bfa000 	C:\Windows\SYSTEM32\VERSION.dll
0x000000005f800000 - 0x000000005f80f000 	C:\Program Files\Java\jdk1.8.0_92\jre\bin\verify.dll
0x000000005f7d0000 - 0x000000005f7f9000 	C:\Program Files\Java\jdk1.8.0_92\jre\bin\java.dll
0x000000005f5b0000 - 0x000000005f5e5000 	C:\Program Files\Java\jdk1.8.0_92\jre\bin\jdwp.dll
0x000000005f5a0000 - 0x000000005f5a8000 	C:\Program Files\Java\jdk1.8.0_92\jre\bin\npt.dll
0x000000005f600000 - 0x000000005f623000 	C:\Program Files\Java\jdk1.8.0_92\jre\bin\instrument.dll
0x000000005f7b0000 - 0x000000005f7c6000 	C:\Program Files\Java\jdk1.8.0_92\jre\bin\zip.dll
0x00007ff9597d0000 - 0x00007ff95ac15000 	C:\Windows\System32\SHELL32.dll
0x00007ff95b020000 - 0x00007ff95b0c9000 	C:\Windows\System32\shcore.dll
0x00007ff958fd0000 - 0x00007ff9596e0000 	C:\Windows\System32\windows.storage.dll
0x00007ff95b6c0000 - 0x00007ff95b711000 	C:\Windows\System32\shlwapi.dll
0x00007ff9585f0000 - 0x00007ff958601000 	C:\Windows\System32\kernel.appcore.dll
0x00007ff9585d0000 - 0x00007ff9585ef000 	C:\Windows\System32\profapi.dll
0x00007ff958560000 - 0x00007ff9585ac000 	C:\Windows\System32\powrprof.dll
0x00007ff958610000 - 0x00007ff95861a000 	C:\Windows\System32\FLTLIB.DLL
0x000000005f590000 - 0x000000005f599000 	C:\Program Files\Java\jdk1.8.0_92\jre\bin\dt_socket.dll
0x00007ff957de0000 - 0x00007ff957e46000 	C:\Windows\system32\mswsock.dll
0x00007ff9414a0000 - 0x00007ff94152d000 	C:\Program Files\Java\jdk1.8.0_92\jre\bin\gdalalljni.dll
0x00007ff8f54a0000 - 0x00007ff8f6859000 	E:\gdal\release-1911-x64-gdal-2-3-2-mapserver-7-2-1\bin\gdal203.dll
0x00007ff90b210000 - 0x00007ff90b22b000 	C:\Windows\SYSTEM32\VCRUNTIME140.dll
0x00007ff910ae0000 - 0x00007ff910daf000 	E:\gdal\release-1911-x64-gdal-2-3-2-mapserver-7-2-1\bin\xerces-c_3_2.dll
0x00007ff951620000 - 0x00007ff951646000 	E:\gdal\release-1911-x64-gdal-2-3-2-mapserver-7-2-1\bin\expat.dll
0x00007ff94b800000 - 0x00007ff94b82a000 	E:\gdal\release-1911-x64-gdal-2-3-2-mapserver-7-2-1\bin\LIBPQ.dll
0x00007ff92af90000 - 0x00007ff92b081000 	E:\gdal\release-1911-x64-gdal-2-3-2-mapserver-7-2-1\bin\sqlite3.dll
0x00007ff8f4960000 - 0x00007ff8f549b000 	E:\gdal\release-1911-x64-gdal-2-3-2-mapserver-7-2-1\bin\spatialite.dll
0x00007ff90f970000 - 0x00007ff90fdd2000 	E:\gdal\release-1911-x64-gdal-2-3-2-mapserver-7-2-1\bin\libmysql.dll
0x00007ff945dd0000 - 0x00007ff945e1a000 	E:\gdal\release-1911-x64-gdal-2-3-2-mapserver-7-2-1\bin\geos_c.dll
0x00007ff940600000 - 0x00007ff9406b4000 	C:\Windows\SYSTEM32\ODBC32.dll
0x00007ff958720000 - 0x00007ff958902000 	C:\Windows\System32\CRYPT32.dll
0x00007ff9585b0000 - 0x00007ff9585c2000 	C:\Windows\System32\MSASN1.dll
0x00007ff941160000 - 0x00007ff9411b5000 	E:\gdal\release-1911-x64-gdal-2-3-2-mapserver-7-2-1\bin\libcurl.dll
0x00007ff90aef0000 - 0x00007ff90af7d000 	C:\Windows\SYSTEM32\MSVCP140.dll
0x00007ff949800000 - 0x00007ff94980c000 	C:\Windows\SYSTEM32\Secur32.dll
0x00007ff940b70000 - 0x00007ff940bba000 	E:\gdal\release-1911-x64-gdal-2-3-2-mapserver-7-2-1\bin\openjp2.dll
0x00007ff951450000 - 0x00007ff951468000 	E:\gdal\release-1911-x64-gdal-2-3-2-mapserver-7-2-1\bin\freexl.dll
0x00007ff92adc0000 - 0x00007ff92aea4000 	E:\gdal\release-1911-x64-gdal-2-3-2-mapserver-7-2-1\bin\iconv.dll
0x00007ff941380000 - 0x00007ff9413b2000 	C:\Program Files\Intel\WiFi\bin\zlib1.dll
0x00007ff91bb40000 - 0x00007ff91bc87000 	E:\gdal\release-1911-x64-gdal-2-3-2-mapserver-7-2-1\bin\geos.dll
0x00007ff90aee0000 - 0x00007ff90aeec000 	C:\Windows\SYSTEM32\VCRUNTIME140_1.dll
0x00007ff91b350000 - 0x00007ff91b498000 	E:\gdal\release-1911-x64-gdal-2-3-2-mapserver-7-2-1\bin\libxml2.dll
0x00007ff93e8e0000 - 0x00007ff93e942000 	E:\gdal\release-1911-x64-gdal-2-3-2-mapserver-7-2-1\bin\proj.dll
0x00007ff937ad0000 - 0x00007ff937b2b000 	C:\Program Files\Intel\Intel(R) Management Engine Components\iCLS\SSLEAY32.dll
0x00007ff917030000 - 0x00007ff9171cf000 	C:\Program Files\Intel\Intel(R) Management Engine Components\iCLS\LIBEAY32.dll
0x00007ff958490000 - 0x00007ff9584c0000 	C:\Windows\SYSTEM32\SSPICLI.DLL
0x00007ff9579d0000 - 0x00007ff9579da000 	C:\Windows\SYSTEM32\DPAPI.DLL
0x00007ff957080000 - 0x00007ff957249000 	C:\Windows\SYSTEM32\dbghelp.dll

VM Arguments:
jvm_args: -agentlib:jdwp=transport=dt_socket,address=127.0.0.1:57026,suspend=y,server=n -ea -Didea.test.cyclic.buffer.size=1048576 -javaagent:C:\Users\wzw\.IntelliJIdea2019.2\system\captureAgent\debugger-agent.jar -Dfile.encoding=UTF-8 
java_command: com.intellij.rt.execution.junit.JUnitStarter -ideVersion5 -junit4 com.cuit.mete.jobs.grib.job.MODISProcessTest,testClipModis
java_class_path (initial): C:\Program Files\JetBrains\IntelliJ IDEA 2019.2.4\lib\idea_rt.jar;C:\Program Files\JetBrains\IntelliJ IDEA 2019.2.4\plugins\junit\lib\junit-rt.jar;C:\Program Files\JetBrains\IntelliJ IDEA 2019.2.4\plugins\junit\lib\junit5-rt.jar;C:\Program Files\Java\jdk1.8.0_92\jre\lib\charsets.jar;C:\Program Files\Java\jdk1.8.0_92\jre\lib\deploy.jar;C:\Program Files\Java\jdk1.8.0_92\jre\lib\ext\access-bridge-64.jar;C:\Program Files\Java\jdk1.8.0_92\jre\lib\ext\cldrdata.jar;C:\Program Files\Java\jdk1.8.0_92\jre\lib\ext\dnsns.jar;C:\Program Files\Java\jdk1.8.0_92\jre\lib\ext\jaccess.jar;C:\Program Files\Java\jdk1.8.0_92\jre\lib\ext\jfxrt.jar;C:\Program Files\Java\jdk1.8.0_92\jre\lib\ext\localedata.jar;C:\Program Files\Java\jdk1.8.0_92\jre\lib\ext\nashorn.jar;C:\Program Files\Java\jdk1.8.0_92\jre\lib\ext\sunec.jar;C:\Program Files\Java\jdk1.8.0_92\jre\lib\ext\sunjce_provider.jar;C:\Program Files\Java\jdk1.8.0_92\jre\lib\ext\sunmscapi.jar;C:\Program Files\Java\jdk1.8.0_92\jre\lib\ext\sunpkcs11.jar;C:\Program Files\Java\jdk1.8.0_92\jre\lib\ext\zipfs.jar;C:\Program Files\Java\jdk1.8.0_92\jre\lib\javaws.jar;C:\Program Files\Java\jdk1.8.0_92\jre\lib\jce.jar;C:\Program Files\Java\jdk1.8.0_92\jre\lib\jfr.jar;C:\Program Files\Java\jdk1.8.0_92\jre\lib\jfxswt.jar;C:\Program Files\Java\jdk1.8.0_92\jre\lib\jsse.jar;C:\Program Files\Java\jdk1.8.0_92\jre\lib\management-agent.jar;C:\Program Files\Java\jdk1.8.0_92\jre\lib\plugin.jar;C:\Program Files\Java\jdk1.8.0_92\jre\lib\resources.jar;C:\Program Files\Java\jdk1.8.0_92\jre\lib\rt.jar;E:\gitRepo\linzhicode\MavenTrafficJobServer\target\test-classes;E:\gitRepo\linzhicode\MavenTrafficJobServer\target\classes;D:\apache-maven\m2\repository\junit\junit\4.13\junit-4.13.jar;D:\apache-maven\m2\repository\org\hamcrest\hamcrest-core\1.3\hamcrest-core-1.3.jar;D:\apache-maven\m2\repository\org\gdal\gdal\2.3.2\gdal-2.3.2.jar;D:\apache-maven\m2\repository\commons-beanutils\commons-beanutils\1.8.3\commons-beanutils-1.8.3.jar;D:\apache-
Launcher Type: SUN_STANDARD

Environment Variables:
JAVA_HOME=C:\Program Files\Java\jdk1.8.0_92
JRE_HOME=C:\Program Files\Java\jre1.8.0_92
CLASSPATH=C:\Program Files\Java\jdk1.8.0_92\lib\dt.jar;C:\Program Files\Java\jdk1.8.0_92\lib\tools.jar;
USERNAME=wzw
OS=Windows_NT
PROCESSOR_IDENTIFIER=Intel64 Family 6 Model 158 Stepping 10, GenuineIntel



---------------  S Y S T E M  ---------------

OS: Windows 10.0 , 64 bit Build 17134 (10.0.17134.753)

CPU:total 6 (6 cores per cpu, 1 threads per core) family 6 model 158 stepping 10, cmov, cx8, fxsr, mmx, sse, sse2, sse3, ssse3, sse4.1, sse4.2, popcnt, avx, avx2, aes, clmul, erms, 3dnowpref, lzcnt, tsc, tscinvbit, bmi1, bmi2, adx

Memory: 4k page, physical 8259976k(1241720k free), swap 29545880k(3927012k free)

vm_info: Java HotSpot(TM) 64-Bit Server VM (25.92-b14) for windows-amd64 JRE (1.8.0_92-b14), built on Mar 31 2016 21:03:04 by "java_re" with MS VC++ 10.0 (VS2010)

time: Tue Jan 04 14:22:33 2022
elapsed time: 62 seconds (0d 0h 1m 2s)

